<?xml version="1.0" encoding="UTF-8"?>
<!-- Generated by org.testng.reporters.JUnitReportReporter -->
<testsuite hostname="DESKTOP-9HFU155" failures="0" tests="5" name="endtoendtestcase.RegisterDemo" time="24.185" errors="0" timestamp="2022-10-24T09:43:14 IST" skipped="0">
  <testcase classname="endtoendtestcase.RegisterDemo" name="launchApplication" time="9.520"/>
  <system-out/>
  <testcase classname="endtoendtestcase.RegisterDemo" name="navigateRegisterPage" time="4.063"/>
  <system-out/>
  <testcase classname="endtoendtestcase.RegisterDemo" name="registerUser" time="9.144"/>
  <system-out/>
  <testcase classname="endtoendtestcase.RegisterDemo" name="validatemsg" time="0.123"/>
  <system-out/>
  <testcase classname="endtoendtestcase.RegisterDemo" name="closeApplication" time="1.335"/>
  <system-out/>
</testsuite> <!-- endtoendtestcase.RegisterDemo -->
